<?xml version="1.0" encoding="UTF-8"?>
<!-- Generated by org.testng.reporters.JUnitReportReporter -->
<testsuite hostname="Lenovo" name="testNGPractice.GroupingExample" tests="8" failures="0" timestamp="2 May 2022 06:38:32 GMT" time="0.164" errors="0">
  <testcase name="moto2" time="0.021" classname="testNGPractice.GroupingExample"/>
  <testcase name="lenovo2" time="0.005" classname="testNGPractice.GroupingExample"/>
  <testcase name="vivo1" time="0.002" classname="testNGPractice.GroupingExample"/>
  <testcase name="apple1" time="0.048" classname="testNGPractice.GroupingExample"/>
  <testcase name="apple2" time="0.014" classname="testNGPractice.GroupingExample"/>
  <testcase name="lenovo1" time="0.007" classname="testNGPractice.GroupingExample"/>
  <testcase name="moto1" time="0.063" classname="testNGPractice.GroupingExample"/>
  <testcase name="vivo2" time="0.004" classname="testNGPractice.GroupingExample"/>
</testsuite> <!-- testNGPractice.GroupingExample -->
