<?xml version="1.0" encoding="UTF-8"?>
<!-- Generated by org.testng.reporters.JUnitReportReporter -->
<testsuite hostname="Lenovo" name="testNGPractice.DependiciesManagement" tests="3" failures="0" timestamp="2 May 2022 14:52:52 GMT" time="0.048" errors="0">
  <testcase name="higherSecondary" time="0.007" classname="testNGPractice.DependiciesManagement"/>
  <testcase name="sslc" time="0.035" classname="testNGPractice.DependiciesManagement"/>
  <testcase name="engineering" time="0.006" classname="testNGPractice.DependiciesManagement"/>
</testsuite> <!-- testNGPractice.DependiciesManagement -->
