<?xml version="1.0" encoding="UTF-8"?>
<!-- Generated by org.testng.reporters.JUnitReportReporter -->
<testsuite hostname="Lenovo" name="testNGPractice.AssertAmazon" tests="1" failures="0" timestamp="12 Jun 2022 07:27:11 GMT" time="76.048" errors="0">
  <testcase name="method" time="76.048" classname="testNGPractice.AssertAmazon"/>
</testsuite> <!-- testNGPractice.AssertAmazon -->
