<?xml version="1.0" encoding="UTF-8"?>
<!-- Generated by org.testng.reporters.JUnitReportReporter -->
<testsuite hostname="Lenovo" name="testNGPractice.skipATestCase" tests="5" failures="0" timestamp="26 May 2022 07:18:20 GMT" time="0.108" errors="0">
  <testcase name="putFourthGear" time="0.005" classname="testNGPractice.skipATestCase"/>
  <testcase name="startTheCar" time="0.078" classname="testNGPractice.skipATestCase"/>
  <testcase name="putFirstGear" time="0.005" classname="testNGPractice.skipATestCase"/>
  <testcase name="putSecondGear" time="0.004" classname="testNGPractice.skipATestCase"/>
  <testcase name="putThirdGear" time="0.016" classname="testNGPractice.skipATestCase"/>
</testsuite> <!-- testNGPractice.skipATestCase -->
