<?xml version="1.0" encoding="UTF-8"?>
<!-- Generated by org.testng.reporters.JUnitReportReporter -->
<testsuite hostname="Lenovo" name="testNGPractice.driveACar" tests="5" failures="0" timestamp="28 Apr 2022 10:04:47 GMT" time="0.192" errors="0">
  <testcase name="putFourthGear" time="0.034" classname="testNGPractice.driveACar"/>
  <testcase name="startTheCar" time="0.094" classname="testNGPractice.driveACar"/>
  <testcase name="putFirstGear" time="0.025" classname="testNGPractice.driveACar"/>
  <testcase name="putSecondGear" time="0.026" classname="testNGPractice.driveACar"/>
  <testcase name="putThirdGear" time="0.013" classname="testNGPractice.driveACar"/>
</testsuite> <!-- testNGPractice.driveACar -->
