<?xml version="1.0" encoding="UTF-8"?>
<!-- Generated by org.testng.reporters.JUnitReportReporter -->
<testsuite hostname="Lenovo" name="testNGPractice.ParameterizationExample" tests="1" failures="0" timestamp="2 May 2022 08:05:25 GMT" time="0.028" errors="0">
  <testcase name="printName" time="0.028" classname="testNGPractice.ParameterizationExample"/>
</testsuite> <!-- testNGPractice.ParameterizationExample -->
