<?xml version="1.0" encoding="UTF-8"?>
<!-- Generated by org.testng.reporters.JUnitReportReporter -->
<testsuite hostname="Lenovo" name="testNGPractice.sampleTestCase" tests="4" failures="0" timestamp="28 Apr 2022 09:08:21 GMT" time="0.283" errors="0">
  <testcase name="firstTestCase" time="0.194" classname="testNGPractice.sampleTestCase"/>
  <testcase name="fourthTestCase" time="0.018" classname="testNGPractice.sampleTestCase"/>
  <testcase name="secondTestCase" time="0.020" classname="testNGPractice.sampleTestCase"/>
  <testcase name="thirdTestCase" time="0.051" classname="testNGPractice.sampleTestCase"/>
</testsuite> <!-- testNGPractice.sampleTestCase -->
